Added Component: Designator=P1(HDR2X10)
Add component. Clean all parameters for all variants
Add component (AddParameter): Name = "LatestRevisionDate"; Value = "17-Jul-2002"; VariantName = "[No Variations]"
Add component (AddParameter): Name = "LatestRevisionNote"; Value = "Re-released for DXP Platform."; VariantName = "[No Variations]"
Add component (AddParameter): Name = "Publisher"; Value = "Altium Limited"; VariantName = "[No Variations]"
Added Pin To Net: NetName=NetIC2_6 Pin=P1-1
Added Pin To Net: NetName=NetMAX1_J8 Pin=P1-2
Added Pin To Net: NetName=NetIC2_4 Pin=P1-3
Added Pin To Net: NetName=NetMAX1_J9 Pin=P1-4
Added Pin To Net: NetName=NetMAX1_B1 Pin=P1-5
Added Pin To Net: NetName=NetMAX1_E6 Pin=P1-6
Added Pin To Net: NetName=NetMAX1_D3 Pin=P1-7
Added Pin To Net: NetName=NetMAX1_G5 Pin=P1-8
Added Pin To Net: NetName=NetMAX1_D5 Pin=P1-9
Added Pin To Net: NetName=NetMAX1_F7 Pin=P1-10
Added Pin To Net: NetName=NetMAX1_D6 Pin=P1-11
Added Pin To Net: NetName=NetMAX1_F4 Pin=P1-12
Added Pin To Net: NetName=NetMAX1_H4 Pin=P1-13
Added Pin To Net: NetName=NetMAX1_H5 Pin=P1-15
Added Pin To Net: NetName=NetMAX1_H8 Pin=P1-17
Added Pin To Net: NetName=NetMAX1_H9 Pin=P1-19
Added Member To Class: ClassName=Sheet1 Member=Component P1 Header 10X2
Added Room: Name=Sheet1
