Added Component: Designator=J9(SAMTEC_SSW-124-01-T-S)
Add component. Clean all parameters for all variants
Add component (AddParameter): Name = "Arrow Part Number"; Value = ""; VariantName = "[No Variations]"
Add component (AddParameter): Name = "Arrow Price/Stock"; Value = ""; VariantName = "[No Variations]"
Add component (AddParameter): Name = "Datasheet Link"; Value = "http://suddendocs.samtec.com/prints/ssw-1xx-xx-xxx-x-xx-xxx-xx-mkt.pdf"; VariantName = "[No Variations]"
Add component (AddParameter): Name = "Manufacturer_Name"; Value = "SAMTEC"; VariantName = "[No Variations]"
Add component (AddParameter): Name = "Manufacturer_Part_Number"; Value = "SSW-124-01-T-S"; VariantName = "[No Variations]"
Add component (AddParameter): Name = "Mouser Part Number"; Value = "200-SSW12401TS"; VariantName = "[No Variations]"
Add component (AddParameter): Name = "Mouser Price/Stock"; Value = ""; VariantName = "[No Variations]"
Added Pin To Net: NetName=NetC26_1 Pin=J9-1
Added Pin To Net: NetName=GND Pin=J9-3
Added Pin To Net: NetName=GND Pin=J9-4
Added Pin To Net: NetName=GND Pin=J9-5
Added Pin To Net: NetName=NetJ9_6 Pin=J9-6
Added Pin To Net: NetName=GND Pin=J9-7
Added Pin To Net: NetName=NetJ9_8 Pin=J9-8
Added Pin To Net: NetName=NetJ9_9 Pin=J9-9
Added Pin To Net: NetName=NetJ9_10 Pin=J9-10
Added Pin To Net: NetName=NetJ9_11 Pin=J9-11
Added Pin To Net: NetName=NetJ9_12 Pin=J9-12
Added Pin To Net: NetName=NetIC11_18 Pin=J9-13
Added Pin To Net: NetName=NetIC11_12 Pin=J9-14
Added Pin To Net: NetName=NetIC11_9 Pin=J9-15
Added Pin To Net: NetName=NetIC11_15 Pin=J9-16
Added Pin To Net: NetName=NetIC11_4 Pin=J9-17
Added Pin To Net: NetName=NetIC11_1 Pin=J9-18
Added Pin To Net: NetName=NetJ9_19 Pin=J9-19
Added Pin To Net: NetName=NetJ9_20 Pin=J9-20
Added Pin To Net: NetName=GND Pin=J9-21
Added Pin To Net: NetName=GND Pin=J9-22
Added Pin To Net: NetName=GND Pin=J9-24
Added Member To Class: ClassName=Sheet1 Member=Component J9 SSW-124-01-T-S
Added Room: Name=Sheet1
