Replace Part 1 ERJ-2GE0R00X in D:\IIST\Semister 7\Deep Learning\Project\MAX78000\Sheet1.SchDoc with ERJ-2GE0R00X from Schlib1.SchLib
Replace Part 2 ERJ-2GE0R00X in D:\IIST\Semister 7\Deep Learning\Project\MAX78000\Sheet1.SchDoc with ERJ-2GE0R00X from Schlib1.SchLib
Replace Part 3 ERJ-2GE0R00X in D:\IIST\Semister 7\Deep Learning\Project\MAX78000\Sheet1.SchDoc with ERJ-2GE0R00X from Schlib1.SchLib
Replace Part 4 ERJ-2GE0R00X in D:\IIST\Semister 7\Deep Learning\Project\MAX78000\Sheet1.SchDoc with ERJ-2GE0R00X from Schlib1.SchLib
Replace Part 5 RC0402FR-0710KL in D:\IIST\Semister 7\Deep Learning\Project\MAX78000\Sheet1.SchDoc with RC0402FR-0710KL from Schlib1.SchLib
Replace Part 6 RC0402FR-0710KL in D:\IIST\Semister 7\Deep Learning\Project\MAX78000\Sheet1.SchDoc with RC0402FR-0710KL from Schlib1.SchLib
Replace Part 7 04025A101FAT2A in D:\IIST\Semister 7\Deep Learning\Project\MAX78000\Sheet1.SchDoc with 04025A101FAT2A from Schlib1.SchLib
Replace Part 8 ERJ-2RKF1212X in D:\IIST\Semister 7\Deep Learning\Project\MAX78000\Sheet1.SchDoc with ERJ-2RKF1212X from Schlib1.SchLib
Replace Part 9 RC0402FR-0710KL in D:\IIST\Semister 7\Deep Learning\Project\MAX78000\Sheet1.SchDoc with RC0402FR-0710KL from Schlib1.SchLib
Replace Part 10 RC0402FR-0710KL in D:\IIST\Semister 7\Deep Learning\Project\MAX78000\Sheet1.SchDoc with RC0402FR-0710KL from Schlib1.SchLib
Replace Part 11 ERJ-2RKF4702X in D:\IIST\Semister 7\Deep Learning\Project\MAX78000\Sheet1.SchDoc with ERJ-2RKF4702X from Schlib1.SchLib
Replace Part 12 RC0402FR-0710KL in D:\IIST\Semister 7\Deep Learning\Project\MAX78000\Sheet1.SchDoc with RC0402FR-0710KL from Schlib1.SchLib
Replace Part 13 RC0402FR-0710KL in D:\IIST\Semister 7\Deep Learning\Project\MAX78000\Sheet1.SchDoc with RC0402FR-0710KL from Schlib1.SchLib
Replace Part 14 MLP2012H2R2MT0S1 in D:\IIST\Semister 7\Deep Learning\Project\MAX78000\Sheet1.SchDoc with MLP2012H2R2MT0S1 from Schlib1.SchLib
Replace Part 15 GRM155R71H332KA01J in D:\IIST\Semister 7\Deep Learning\Project\MAX78000\Sheet1.SchDoc with GRM155R71H332KA01J from Schlib1.SchLib
Replace Part C1 C1005C0G1H470F050BA in D:\IIST\Semister 7\Deep Learning\Project\MAX78000\Sheet1.SchDoc with C1005C0G1H470F050BA from Schlib1.SchLib
Replace Part C2 C1005C0G1H470F050BA in D:\IIST\Semister 7\Deep Learning\Project\MAX78000\Sheet1.SchDoc with C1005C0G1H470F050BA from Schlib1.SchLib
Replace Part C3 C1005C0G1H470F050BA in D:\IIST\Semister 7\Deep Learning\Project\MAX78000\Sheet1.SchDoc with C1005C0G1H470F050BA from Schlib1.SchLib
Replace Part C4 GRM155R71C104KA88D in D:\IIST\Semister 7\Deep Learning\Project\MAX78000\Sheet1.SchDoc with GRM155R71C104KA88D from Schlib1.SchLib
Replace Part C5 GRM155R71C104KA88D in D:\IIST\Semister 7\Deep Learning\Project\MAX78000\Sheet1.SchDoc with GRM155R71C104KA88D from Schlib1.SchLib
Replace Part C6 C1005C0G1H470F050BA in D:\IIST\Semister 7\Deep Learning\Project\MAX78000\Sheet1.SchDoc with C1005C0G1H470F050BA from Schlib1.SchLib
Replace Part C7 C1005C0G1H470F050BA in D:\IIST\Semister 7\Deep Learning\Project\MAX78000\Sheet1.SchDoc with C1005C0G1H470F050BA from Schlib1.SchLib
Replace Part C8 C0603C104K5RACTU in D:\IIST\Semister 7\Deep Learning\Project\MAX78000\Sheet1.SchDoc with C0603C104K5RACTU from Schlib1.SchLib
Replace Part C9 C1005C0G1H470F050BA in D:\IIST\Semister 7\Deep Learning\Project\MAX78000\Sheet1.SchDoc with C1005C0G1H470F050BA from Schlib1.SchLib
Replace Part C10 GRM155R71C104KA88D in D:\IIST\Semister 7\Deep Learning\Project\MAX78000\Sheet1.SchDoc with GRM155R71C104KA88D from Schlib1.SchLib
Replace Part C11 GMK107BJ105KA-T in D:\IIST\Semister 7\Deep Learning\Project\MAX78000\Sheet1.SchDoc with GMK107BJ105KA-T from Schlib1.SchLib
Replace Part C12 GRM155R71C104KA88D in D:\IIST\Semister 7\Deep Learning\Project\MAX78000\Sheet1.SchDoc with GRM155R71C104KA88D from Schlib1.SchLib
Replace Part C13 GRM155R71C104KA88D in D:\IIST\Semister 7\Deep Learning\Project\MAX78000\Sheet1.SchDoc with GRM155R71C104KA88D from Schlib1.SchLib
Replace Part C14 C0805C106K8PACTU in D:\IIST\Semister 7\Deep Learning\Project\MAX78000\Sheet1.SchDoc with C0805C106K8PACTU from Schlib1.SchLib
Replace Part C15 C0805C106K8PACTU in D:\IIST\Semister 7\Deep Learning\Project\MAX78000\Sheet1.SchDoc with C0805C106K8PACTU from Schlib1.SchLib
Replace Part C16 C0805C106K8PACTU in D:\IIST\Semister 7\Deep Learning\Project\MAX78000\Sheet1.SchDoc with C0805C106K8PACTU from Schlib1.SchLib
Replace Part C17 C0805C106K8PACTU in D:\IIST\Semister 7\Deep Learning\Project\MAX78000\Sheet1.SchDoc with C0805C106K8PACTU from Schlib1.SchLib
Replace Part C18 CC0805JRNPO9BN120 in D:\IIST\Semister 7\Deep Learning\Project\MAX78000\Sheet1.SchDoc with CC0805JRNPO9BN120 from Schlib1.SchLib
Replace Part C19 CC0805JRNPO9BN120 in D:\IIST\Semister 7\Deep Learning\Project\MAX78000\Sheet1.SchDoc with CC0805JRNPO9BN120 from Schlib1.SchLib
Replace Part C20 C1005C0G1H470F050BA in D:\IIST\Semister 7\Deep Learning\Project\MAX78000\Sheet1.SchDoc with C1005C0G1H470F050BA from Schlib1.SchLib
Replace Part C21 GRM155R71C104KA88D in D:\IIST\Semister 7\Deep Learning\Project\MAX78000\Sheet1.SchDoc with GRM155R71C104KA88D from Schlib1.SchLib
Replace Part C22 GRM155R71C104KA88D in D:\IIST\Semister 7\Deep Learning\Project\MAX78000\Sheet1.SchDoc with GRM155R71C104KA88D from Schlib1.SchLib
Replace Part C23 C0805C106K8PACTU in D:\IIST\Semister 7\Deep Learning\Project\MAX78000\Sheet1.SchDoc with C0805C106K8PACTU from Schlib1.SchLib
Replace Part C24 C0805C106K8PACTU in D:\IIST\Semister 7\Deep Learning\Project\MAX78000\Sheet1.SchDoc with C0805C106K8PACTU from Schlib1.SchLib
Replace Part C25 C0805C106K8PACTU in D:\IIST\Semister 7\Deep Learning\Project\MAX78000\Sheet1.SchDoc with C0805C106K8PACTU from Schlib1.SchLib
Replace Part C26 C0805C106K8PACTU in D:\IIST\Semister 7\Deep Learning\Project\MAX78000\Sheet1.SchDoc with C0805C106K8PACTU from Schlib1.SchLib
Replace Part C27 C0603C104K5RACTU in D:\IIST\Semister 7\Deep Learning\Project\MAX78000\Sheet1.SchDoc with C0603C104K5RACTU from Schlib1.SchLib
Replace Part C28 CL21C330JBANNNC in D:\IIST\Semister 7\Deep Learning\Project\MAX78000\Sheet1.SchDoc with CL21C330JBANNNC from Schlib1.SchLib
Replace Part C29 CL21C180JBANNNC in D:\IIST\Semister 7\Deep Learning\Project\MAX78000\Sheet1.SchDoc with CL21C180JBANNNC from Schlib1.SchLib
Replace Part C30 C0603C104K5RACTU in D:\IIST\Semister 7\Deep Learning\Project\MAX78000\Sheet1.SchDoc with C0603C104K5RACTU from Schlib1.SchLib
Replace Part C31 C0603C475K8PACTU in D:\IIST\Semister 7\Deep Learning\Project\MAX78000\Sheet1.SchDoc with C0603C475K8PACTU from Schlib1.SchLib
Replace Part C32 C0603C475K8PACTU in D:\IIST\Semister 7\Deep Learning\Project\MAX78000\Sheet1.SchDoc with C0603C475K8PACTU from Schlib1.SchLib
Replace Part C33 C0603C104K5RACTU in D:\IIST\Semister 7\Deep Learning\Project\MAX78000\Sheet1.SchDoc with C0603C104K5RACTU from Schlib1.SchLib
Replace Part C34 C0603C104K5RACTU in D:\IIST\Semister 7\Deep Learning\Project\MAX78000\Sheet1.SchDoc with C0603C104K5RACTU from Schlib1.SchLib
Replace Part C35 C0805C106K8PACTU in D:\IIST\Semister 7\Deep Learning\Project\MAX78000\Sheet1.SchDoc with C0805C106K8PACTU from Schlib1.SchLib
Replace Part C36 C0805C106K8PACTU in D:\IIST\Semister 7\Deep Learning\Project\MAX78000\Sheet1.SchDoc with C0805C106K8PACTU from Schlib1.SchLib
Replace Part C37 C0805C106K8PACTU in D:\IIST\Semister 7\Deep Learning\Project\MAX78000\Sheet1.SchDoc with C0805C106K8PACTU from Schlib1.SchLib
Replace Part C38 C0805C106K8PACTU in D:\IIST\Semister 7\Deep Learning\Project\MAX78000\Sheet1.SchDoc with C0805C106K8PACTU from Schlib1.SchLib
Replace Part C39 C0603C0G1H680K030BA in D:\IIST\Semister 7\Deep Learning\Project\MAX78000\Sheet1.SchDoc with C0603C0G1H680K030BA from Schlib1.SchLib
Replace Part C40 C0603C0G1H680K030BA in D:\IIST\Semister 7\Deep Learning\Project\MAX78000\Sheet1.SchDoc with C0603C0G1H680K030BA from Schlib1.SchLib
Replace Part C41 GMK107BJ105KA-T in D:\IIST\Semister 7\Deep Learning\Project\MAX78000\Sheet1.SchDoc with GMK107BJ105KA-T from Schlib1.SchLib
Replace Part C42 C0603C104K5RACTU in D:\IIST\Semister 7\Deep Learning\Project\MAX78000\Sheet1.SchDoc with C0603C104K5RACTU from Schlib1.SchLib
Replace Part C43 GMK107BJ105KA-T in D:\IIST\Semister 7\Deep Learning\Project\MAX78000\Sheet1.SchDoc with GMK107BJ105KA-T from Schlib1.SchLib
Replace Part C44 GRM155R61A474KE15J in D:\IIST\Semister 7\Deep Learning\Project\MAX78000\Sheet1.SchDoc with GRM155R61A474KE15J from Schlib1.SchLib
Replace Part C45 GRM1555C1H270JA01D in D:\IIST\Semister 7\Deep Learning\Project\MAX78000\Sheet1.SchDoc with GRM1555C1H270JA01D from Schlib1.SchLib
Replace Part C46 GRM1555C1H270JA01D in D:\IIST\Semister 7\Deep Learning\Project\MAX78000\Sheet1.SchDoc with GRM1555C1H270JA01D from Schlib1.SchLib
Replace Part C47 C0603C104K5RACTU in D:\IIST\Semister 7\Deep Learning\Project\MAX78000\Sheet1.SchDoc with C0603C104K5RACTU from Schlib1.SchLib
Replace Part C48 GMK107BJ105KA-T in D:\IIST\Semister 7\Deep Learning\Project\MAX78000\Sheet1.SchDoc with GMK107BJ105KA-T from Schlib1.SchLib
Replace Part C49 C0603C104K5RACTU in D:\IIST\Semister 7\Deep Learning\Project\MAX78000\Sheet1.SchDoc with C0603C104K5RACTU from Schlib1.SchLib
Replace Part C50 C0603C475K8PACTU in D:\IIST\Semister 7\Deep Learning\Project\MAX78000\Sheet1.SchDoc with C0603C475K8PACTU from Schlib1.SchLib
Replace Part C51 C0603C104K5RACTU in D:\IIST\Semister 7\Deep Learning\Project\MAX78000\Sheet1.SchDoc with C0603C104K5RACTU from Schlib1.SchLib
Replace Part C52 C0603C104K5RACTU in D:\IIST\Semister 7\Deep Learning\Project\MAX78000\Sheet1.SchDoc with C0603C104K5RACTU from Schlib1.SchLib
Replace Part C53 GMK107BJ105KA-T in D:\IIST\Semister 7\Deep Learning\Project\MAX78000\Sheet1.SchDoc with GMK107BJ105KA-T from Schlib1.SchLib
Replace Part C54 GMK107BJ105KA-T in D:\IIST\Semister 7\Deep Learning\Project\MAX78000\Sheet1.SchDoc with GMK107BJ105KA-T from Schlib1.SchLib
Replace Part C55 C0603C104K5RACTU in D:\IIST\Semister 7\Deep Learning\Project\MAX78000\Sheet1.SchDoc with C0603C104K5RACTU from Schlib1.SchLib
Replace Part C56 C0603C104K5RACTU in D:\IIST\Semister 7\Deep Learning\Project\MAX78000\Sheet1.SchDoc with C0603C104K5RACTU from Schlib1.SchLib
Replace Part C57 GMK107BJ105KA-T in D:\IIST\Semister 7\Deep Learning\Project\MAX78000\Sheet1.SchDoc with GMK107BJ105KA-T from Schlib1.SchLib
Replace Part C58 C1608X5R0J226M080AC in D:\IIST\Semister 7\Deep Learning\Project\MAX78000\Sheet1.SchDoc with C1608X5R0J226M080AC from Schlib1.SchLib
Replace Part C59 C1608X5R0J226M080AC in D:\IIST\Semister 7\Deep Learning\Project\MAX78000\Sheet1.SchDoc with C1608X5R0J226M080AC from Schlib1.SchLib
Replace Part C60 C0603C104K5RACTU in D:\IIST\Semister 7\Deep Learning\Project\MAX78000\Sheet1.SchDoc with C0603C104K5RACTU from Schlib1.SchLib
Replace Part C61 GMK107BJ105KA-T in D:\IIST\Semister 7\Deep Learning\Project\MAX78000\Sheet1.SchDoc with GMK107BJ105KA-T from Schlib1.SchLib
Replace Part C62 GMK107BJ105KA-T in D:\IIST\Semister 7\Deep Learning\Project\MAX78000\Sheet1.SchDoc with GMK107BJ105KA-T from Schlib1.SchLib
Replace Part C63 C0603C104K5RACTU in D:\IIST\Semister 7\Deep Learning\Project\MAX78000\Sheet1.SchDoc with C0603C104K5RACTU from Schlib1.SchLib
Replace Part C64 C0603C104K5RACTU in D:\IIST\Semister 7\Deep Learning\Project\MAX78000\Sheet1.SchDoc with C0603C104K5RACTU from Schlib1.SchLib
Replace Part C65 C0603C104K5RACTU in D:\IIST\Semister 7\Deep Learning\Project\MAX78000\Sheet1.SchDoc with C0603C104K5RACTU from Schlib1.SchLib
Replace Part C66 C1608X5R0J226M080AC in D:\IIST\Semister 7\Deep Learning\Project\MAX78000\Sheet1.SchDoc with C1608X5R0J226M080AC from Schlib1.SchLib
Replace Part C67 C1608X5R0J226M080AC in D:\IIST\Semister 7\Deep Learning\Project\MAX78000\Sheet1.SchDoc with C1608X5R0J226M080AC from Schlib1.SchLib
Replace Part C68 C0603C104K5RACTU in D:\IIST\Semister 7\Deep Learning\Project\MAX78000\Sheet1.SchDoc with C0603C104K5RACTU from Schlib1.SchLib
Replace Part C69 GMK107BJ105KA-T in D:\IIST\Semister 7\Deep Learning\Project\MAX78000\Sheet1.SchDoc with GMK107BJ105KA-T from Schlib1.SchLib
Replace Part C70 C1005C0G1H470F050BA in D:\IIST\Semister 7\Deep Learning\Project\MAX78000\Sheet1.SchDoc with C1005C0G1H470F050BA from Schlib1.SchLib
Replace Part C71 C1005C0G1H470F050BA in D:\IIST\Semister 7\Deep Learning\Project\MAX78000\Sheet1.SchDoc with C1005C0G1H470F050BA from Schlib1.SchLib
Replace Part C72 C0603C104K5RACTU in D:\IIST\Semister 7\Deep Learning\Project\MAX78000\Sheet1.SchDoc with C0603C104K5RACTU from Schlib1.SchLib
Replace Part C73 C1005C0G1H470F050BA in D:\IIST\Semister 7\Deep Learning\Project\MAX78000\Sheet1.SchDoc with C1005C0G1H470F050BA from Schlib1.SchLib
Replace Part C74 C1005C0G1H470F050BA in D:\IIST\Semister 7\Deep Learning\Project\MAX78000\Sheet1.SchDoc with C1005C0G1H470F050BA from Schlib1.SchLib
Replace Part C75 C1005C0G1H221J050BA in D:\IIST\Semister 7\Deep Learning\Project\MAX78000\Sheet1.SchDoc with C1005C0G1H221J050BA from Schlib1.SchLib
Replace Part FB1 BLM41PG102SN1L in D:\IIST\Semister 7\Deep Learning\Project\MAX78000\Sheet1.SchDoc with BLM41PG102SN1L from Schlib1.SchLib
Replace Part FL1 BLM21AG121SN1D in D:\IIST\Semister 7\Deep Learning\Project\MAX78000\Sheet1.SchDoc with BLM21AG121SN1D from Schlib1.SchLib
Replace Part IC1 FT230XS-R in D:\IIST\Semister 7\Deep Learning\Project\MAX78000\Sheet1.SchDoc with FT230XS-R from Schlib1.SchLib
Replace Part IC2 NL27WZ07DFT2G in D:\IIST\Semister 7\Deep Learning\Project\MAX78000\Sheet1.SchDoc with NL27WZ07DFT2G from Schlib1.SchLib
Replace Part IC3 MAX13202EALT+ in D:\IIST\Semister 7\Deep Learning\Project\MAX78000\Sheet1.SchDoc with MAX13202EALT+ from Schlib1.SchLib
Replace Part IC4 NL27WZ07DFT2G in D:\IIST\Semister 7\Deep Learning\Project\MAX78000\Sheet1.SchDoc with NL27WZ07DFT2G from Schlib1.SchLib
Replace Part IC5 MAX6816EUS+T in D:\IIST\Semister 7\Deep Learning\Project\MAX78000\Sheet1.SchDoc with MAX6816EUS+T from Schlib1.SchLib
Replace Part IC6 NL27WZ07DFT2G in D:\IIST\Semister 7\Deep Learning\Project\MAX78000\Sheet1.SchDoc with NL27WZ07DFT2G from Schlib1.SchLib
Replace Part IC7 TPS62060DSGR in D:\IIST\Semister 7\Deep Learning\Project\MAX78000\Sheet1.SchDoc with TPS62060DSGR from Schlib1.SchLib
Replace Part IC8 TPS62060DSGR in D:\IIST\Semister 7\Deep Learning\Project\MAX78000\Sheet1.SchDoc with TPS62060DSGR from Schlib1.SchLib
Replace Part IC9 TPS62060DSGR in D:\IIST\Semister 7\Deep Learning\Project\MAX78000\Sheet1.SchDoc with TPS62060DSGR from Schlib1.SchLib
Replace Part IC10 TPS62060DSGR in D:\IIST\Semister 7\Deep Learning\Project\MAX78000\Sheet1.SchDoc with TPS62060DSGR from Schlib1.SchLib
Replace Part IC11 MAX4948ETG+ in D:\IIST\Semister 7\Deep Learning\Project\MAX78000\Sheet1.SchDoc with MAX4948ETG+ from Schlib1.SchLib
Replace Part IC12 FT4222HQ-D-R in D:\IIST\Semister 7\Deep Learning\Project\MAX78000\Sheet1.SchDoc with FT4222HQ-D-R from Schlib1.SchLib
Replace Part IC13 TPS62060DSGR in D:\IIST\Semister 7\Deep Learning\Project\MAX78000\Sheet1.SchDoc with TPS62060DSGR from Schlib1.SchLib
Replace Part IC14 TPS62060DSGR in D:\IIST\Semister 7\Deep Learning\Project\MAX78000\Sheet1.SchDoc with TPS62060DSGR from Schlib1.SchLib
Replace Part IC15 MAX13202EALT+T in D:\IIST\Semister 7\Deep Learning\Project\MAX78000\Sheet1.SchDoc with MAX13202EALT+T from Schlib1.SchLib
Replace Part IC16 MAX13202EALT+ in D:\IIST\Semister 7\Deep Learning\Project\MAX78000\Sheet1.SchDoc with MAX13202EALT+ from Schlib1.SchLib
Replace Part IC17 IS25LP128-JBLE in D:\IIST\Semister 7\Deep Learning\Project\MAX78000\Sheet1.SchDoc with IS25LP128-JBLE from Schlib1.SchLib
Replace Part J1 PEC04DAAN in D:\IIST\Semister 7\Deep Learning\Project\MAX78000\Sheet1.SchDoc with PEC04DAAN from Schlib1.SchLib
Replace Part J2 PEC04DAAN in D:\IIST\Semister 7\Deep Learning\Project\MAX78000\Sheet1.SchDoc with PEC04DAAN from Schlib1.SchLib
Replace Part J3 PEC02SAAN in D:\IIST\Semister 7\Deep Learning\Project\MAX78000\Sheet1.SchDoc with PEC02SAAN from Schlib1.SchLib
Replace Part J4 47346-0001 in D:\IIST\Semister 7\Deep Learning\Project\MAX78000\Sheet1.SchDoc with 47346-0001 from Schlib1.SchLib
Replace Part J5 PEC04DAAN in D:\IIST\Semister 7\Deep Learning\Project\MAX78000\Sheet1.SchDoc with PEC04DAAN from Schlib1.SchLib
Replace Part J6 PEC05SAAN in D:\IIST\Semister 7\Deep Learning\Project\MAX78000\Sheet1.SchDoc with PEC05SAAN from Schlib1.SchLib
Replace Part J7 3220-10-0300-00-TR in D:\IIST\Semister 7\Deep Learning\Project\MAX78000\Sheet1.SchDoc with 3220-10-0300-00-TR from Schlib1.SchLib
Replace Part J8 3220-10-0300-00-TR in D:\IIST\Semister 7\Deep Learning\Project\MAX78000\Sheet1.SchDoc with 3220-10-0300-00-TR from Schlib1.SchLib
Replace Part J9 SSW-124-01-T-S in D:\IIST\Semister 7\Deep Learning\Project\MAX78000\Sheet1.SchDoc with SSW-124-01-T-S from Schlib1.SchLib
Replace Part J10 SPH0645LM4H-B in D:\IIST\Semister 7\Deep Learning\Project\MAX78000\Sheet1.SchDoc with SPH0645LM4H-B from Schlib1.SchLib
Replace Part J11 47346-0001 in D:\IIST\Semister 7\Deep Learning\Project\MAX78000\Sheet1.SchDoc with 47346-0001 from Schlib1.SchLib
Replace Part J12 PEC03SAAN in D:\IIST\Semister 7\Deep Learning\Project\MAX78000\Sheet1.SchDoc with PEC03SAAN from Schlib1.SchLib
Replace Part J13 PEC03SAAN in D:\IIST\Semister 7\Deep Learning\Project\MAX78000\Sheet1.SchDoc with PEC03SAAN from Schlib1.SchLib
Replace Part J14 M52-5050545 in D:\IIST\Semister 7\Deep Learning\Project\MAX78000\Sheet1.SchDoc with M52-5050545 from Schlib1.SchLib
Replace Part L1 IHLP2020CZER1R0M8A in D:\IIST\Semister 7\Deep Learning\Project\MAX78000\Sheet1.SchDoc with IHLP2020CZER1R0M8A from Schlib1.SchLib
Replace Part L2 IHLP2020CZER1R0M8A in D:\IIST\Semister 7\Deep Learning\Project\MAX78000\Sheet1.SchDoc with IHLP2020CZER1R0M8A from Schlib1.SchLib
Replace Part L3 IHLP2020CZER1R0M8A in D:\IIST\Semister 7\Deep Learning\Project\MAX78000\Sheet1.SchDoc with IHLP2020CZER1R0M8A from Schlib1.SchLib
Replace Part L4 IHLP2020CZER1R0M8A in D:\IIST\Semister 7\Deep Learning\Project\MAX78000\Sheet1.SchDoc with IHLP2020CZER1R0M8A from Schlib1.SchLib
Replace Part L5 IHLP2020CZER1R0M8A in D:\IIST\Semister 7\Deep Learning\Project\MAX78000\Sheet1.SchDoc with IHLP2020CZER1R0M8A from Schlib1.SchLib
Replace Part L6 IHLP2020CZER1R0M8A in D:\IIST\Semister 7\Deep Learning\Project\MAX78000\Sheet1.SchDoc with IHLP2020CZER1R0M8A from Schlib1.SchLib
Replace Part LED1 HSMR-C150 in D:\IIST\Semister 7\Deep Learning\Project\MAX78000\Sheet1.SchDoc with HSMR-C150 from Schlib1.SchLib
Replace Part MAX1 MAX78000EXG+ in D:\IIST\Semister 7\Deep Learning\Project\MAX78000\Sheet1.SchDoc with MAX78000EXG+ from Schlib1.SchLib
Replace Part P1 Header 10X2 in D:\IIST\Semister 7\Deep Learning\Project\MAX78000\Sheet1.SchDoc with Header 10X2 from Miscellaneous Connectors.IntLib
Replace Part R1 ERJ-2RKF4992X in D:\IIST\Semister 7\Deep Learning\Project\MAX78000\Sheet1.SchDoc with ERJ-2RKF4992X from Schlib1.SchLib
Replace Part R2 ERJ-2RKF4992X in D:\IIST\Semister 7\Deep Learning\Project\MAX78000\Sheet1.SchDoc with ERJ-2RKF4992X from Schlib1.SchLib
Replace Part R3 ERJ-2RKF27R0X in D:\IIST\Semister 7\Deep Learning\Project\MAX78000\Sheet1.SchDoc with ERJ-2RKF27R0X from Schlib1.SchLib
Replace Part R4 ERJ3EKF2701V in D:\IIST\Semister 7\Deep Learning\Project\MAX78000\Sheet1.SchDoc with ERJ3EKF2701V from Schlib1.SchLib
Replace Part R5 ERJ-2RKF27R0X in D:\IIST\Semister 7\Deep Learning\Project\MAX78000\Sheet1.SchDoc with ERJ-2RKF27R0X from Schlib1.SchLib
Replace Part R6 RT0805BRD07111KL in D:\IIST\Semister 7\Deep Learning\Project\MAX78000\Sheet1.SchDoc with RT0805BRD07111KL from Schlib1.SchLib
Replace Part R7 RT0805BRD07111KL in D:\IIST\Semister 7\Deep Learning\Project\MAX78000\Sheet1.SchDoc with RT0805BRD07111KL from Schlib1.SchLib
Replace Part R8 CRCW0402499KFKED in D:\IIST\Semister 7\Deep Learning\Project\MAX78000\Sheet1.SchDoc with CRCW0402499KFKED from Schlib1.SchLib
Replace Part R9 CRCW0402499KFKED in D:\IIST\Semister 7\Deep Learning\Project\MAX78000\Sheet1.SchDoc with CRCW0402499KFKED from Schlib1.SchLib
Replace Part R10 CRCW0402102KFKED in D:\IIST\Semister 7\Deep Learning\Project\MAX78000\Sheet1.SchDoc with CRCW0402102KFKED from Schlib1.SchLib
Replace Part R11 CRCW0402100KFKED in D:\IIST\Semister 7\Deep Learning\Project\MAX78000\Sheet1.SchDoc with CRCW0402100KFKED from Schlib1.SchLib
Replace Part R12 CRCW0402200KFKED in D:\IIST\Semister 7\Deep Learning\Project\MAX78000\Sheet1.SchDoc with CRCW0402200KFKED from Schlib1.SchLib
Replace Part R13 CRCW0402374KFKED in D:\IIST\Semister 7\Deep Learning\Project\MAX78000\Sheet1.SchDoc with CRCW0402374KFKED from Schlib1.SchLib
Replace Part R14 RC0603FR-07120KL in D:\IIST\Semister 7\Deep Learning\Project\MAX78000\Sheet1.SchDoc with RC0603FR-07120KL from Schlib1.SchLib
Replace Part R15 CRCW0402100KFKED in D:\IIST\Semister 7\Deep Learning\Project\MAX78000\Sheet1.SchDoc with CRCW0402100KFKED from Schlib1.SchLib
Replace Part R16 CRCW0402100KFKED in D:\IIST\Semister 7\Deep Learning\Project\MAX78000\Sheet1.SchDoc with CRCW0402100KFKED from Schlib1.SchLib
Replace Part R17 CRCW0402100KFKED in D:\IIST\Semister 7\Deep Learning\Project\MAX78000\Sheet1.SchDoc with CRCW0402100KFKED from Schlib1.SchLib
Replace Part R18 ERJ-2RKF1004X in D:\IIST\Semister 7\Deep Learning\Project\MAX78000\Sheet1.SchDoc with ERJ-2RKF1004X from Schlib1.SchLib
Replace Part R19 ERJ-2RKF33R2X in D:\IIST\Semister 7\Deep Learning\Project\MAX78000\Sheet1.SchDoc with ERJ-2RKF33R2X from Schlib1.SchLib
Replace Part S1 B3S-1000P in D:\IIST\Semister 7\Deep Learning\Project\MAX78000\Sheet1.SchDoc with B3S-1000P from Schlib1.SchLib
Replace Part S2 B3S-1000P in D:\IIST\Semister 7\Deep Learning\Project\MAX78000\Sheet1.SchDoc with B3S-1000P from Schlib1.SchLib
Replace Part S3 B3S-1000P in D:\IIST\Semister 7\Deep Learning\Project\MAX78000\Sheet1.SchDoc with B3S-1000P from Schlib1.SchLib
Replace Part S4 B3S-1000P in D:\IIST\Semister 7\Deep Learning\Project\MAX78000\Sheet1.SchDoc with B3S-1000P from Schlib1.SchLib
Replace Part Y1 ABM3-12.000MHZ-D2Y-T in D:\IIST\Semister 7\Deep Learning\Project\MAX78000\Sheet1.SchDoc with ABM3-12.000MHZ-D2Y-T from Schlib1.SchLib
Replace Part Y2 SG-210STF_12.2880ML3 in D:\IIST\Semister 7\Deep Learning\Project\MAX78000\Sheet1.SchDoc with SG-210STF_12.2880ML3 from Schlib1.SchLib
Replace Part Y3 ABS07-32.768KHZ-6-T in D:\IIST\Semister 7\Deep Learning\Project\MAX78000\Sheet1.SchDoc with ABS07-32.768KHZ-6-T from Schlib1.SchLib
