Change Component Designator: Old Designator= New Designator=1
Change Component Designator: Old Designator= New Designator=2
Change Component Designator: Old Designator= New Designator=3
Change Component Designator: Old Designator= New Designator=4
Change Component Designator: Old Designator= New Designator=5
Change Component Designator: Old Designator= New Designator=9
Change Component Designator: Old Designator= New Designator=10
Change Component Designator: Old Designator= New Designator=12
Change Component Designator: Old Designator= New Designator=13
Change Component Designator: Old Designator= New Designator=14
Change Component Designator: Old Designator= New Designator=15
Change Component Designator: Old Designator= New Designator=16
Change Component Designator: Old Designator= New Designator=17
Change Component Designator: Old Designator=1 New Designator=6
Change Component Designator: Old Designator=2.2uH New Designator=18
Change Component Designator: Old Designator=3.3nF New Designator=19
Change Component Designator: Old Designator=12.1k New Designator=8
Change Component Designator: Old Designator=47k New Designator=11
Change Component Designator: Old Designator=100pf New Designator=7
Change Component Designator: Old Designator=C1 New Designator=C11
Change Component Designator: Old Designator=C2 New Designator=C1
Change Component Designator: Old Designator=C3 New Designator=C2
Change Component Designator: Old Designator=C4 New Designator=C3
Change Component Designator: Old Designator=C5 New Designator=C4
Change Component Designator: Old Designator=C6 New Designator=C5
Change Component Designator: Old Designator=C7 New Designator=C6
Change Component Designator: Old Designator=C8 New Designator=C7
Change Component Designator: Old Designator=C9 New Designator=C8
Change Component Designator: Old Designator=C10 New Designator=C9
Change Component Designator: Old Designator=C11 New Designator=C10
Change Component Designator: Old Designator=MAX78000 New Designator=MAX1
